<?xml version="1.0" encoding="UTF-8"?>
<coverage generated="1722093005200" clover="3.2.0">
  <project timestamp="1722093005200" name="All files">
    <metrics statements="77" coveredstatements="53" conditionals="26" coveredconditionals="7" methods="27" coveredmethods="17" elements="130" coveredelements="77" complexity="0" loc="77" ncloc="77" packages="7" files="7" classes="7"/>
    <package name="shared">
      <metrics statements="6" coveredstatements="6" conditionals="0" coveredconditionals="0" methods="1" coveredmethods="1"/>
      <file name="hash.ts" path="C:\Users\Usuario\Desktop\trabajo\challenge-internationalization-clay\backend\src\app\shared\hash.ts">
        <metrics statements="6" coveredstatements="6" conditionals="0" coveredconditionals="0" methods="1" coveredmethods="1"/>
        <line num="5" count="1" type="stmt"/>
        <line num="6" count="1" type="stmt"/>
        <line num="7" count="1" type="stmt"/>
        <line num="8" count="1" type="stmt"/>
        <line num="9" count="1" type="stmt"/>
        <line num="10" count="1" type="stmt"/>
      </file>
    </package>
    <package name="users.application">
      <metrics statements="20" coveredstatements="9" conditionals="6" coveredconditionals="1" methods="4" coveredmethods="2"/>
      <file name="userUseCases.ts" path="C:\Users\Usuario\Desktop\trabajo\challenge-internationalization-clay\backend\src\app\users\application\userUseCases.ts">
        <metrics statements="20" coveredstatements="9" conditionals="6" coveredconditionals="1" methods="4" coveredmethods="2"/>
        <line num="13" count="1" type="stmt"/>
        <line num="14" count="0" type="stmt"/>
        <line num="15" count="0" type="stmt"/>
        <line num="16" count="0" type="cond" truecount="0" falsecount="2"/>
        <line num="17" count="0" type="stmt"/>
        <line num="19" count="0" type="stmt"/>
        <line num="23" count="1" type="stmt"/>
        <line num="24" count="0" type="stmt"/>
        <line num="25" count="0" type="stmt"/>
        <line num="26" count="0" type="cond" truecount="0" falsecount="2"/>
        <line num="27" count="0" type="stmt"/>
        <line num="29" count="0" type="stmt"/>
        <line num="33" count="1" type="stmt"/>
        <line num="34" count="1" type="stmt"/>
        <line num="35" count="1" type="stmt"/>
        <line num="36" count="1" type="stmt"/>
        <line num="37" count="1" type="stmt"/>
        <line num="38" count="1" type="cond" truecount="1" falsecount="1"/>
        <line num="39" count="1" type="stmt"/>
        <line num="41" count="0" type="stmt"/>
      </file>
    </package>
    <package name="users.domain">
      <metrics statements="3" coveredstatements="3" conditionals="0" coveredconditionals="0" methods="1" coveredmethods="1"/>
      <file name="user.value.ts" path="C:\Users\Usuario\Desktop\trabajo\challenge-internationalization-clay\backend\src\app\users\domain\user.value.ts">
        <metrics statements="3" coveredstatements="3" conditionals="0" coveredconditionals="0" methods="1" coveredmethods="1"/>
        <line num="10" count="1" type="stmt"/>
        <line num="11" count="1" type="stmt"/>
        <line num="12" count="1" type="stmt"/>
      </file>
    </package>
    <package name="users.infrastructure.repositories">
      <metrics statements="9" coveredstatements="3" conditionals="4" coveredconditionals="0" methods="5" coveredmethods="1"/>
      <file name="mock.repository.ts" path="C:\Users\Usuario\Desktop\trabajo\challenge-internationalization-clay\backend\src\app\users\infrastructure\repositories\mock.repository.ts">
        <metrics statements="9" coveredstatements="3" conditionals="4" coveredconditionals="0" methods="5" coveredmethods="1"/>
        <line num="5" count="1" type="stmt"/>
        <line num="8" count="0" type="stmt"/>
        <line num="9" count="0" type="cond" truecount="0" falsecount="2"/>
        <line num="10" count="0" type="stmt"/>
        <line num="14" count="0" type="stmt"/>
        <line num="15" count="0" type="cond" truecount="0" falsecount="2"/>
        <line num="16" count="0" type="stmt"/>
        <line num="20" count="1" type="stmt"/>
        <line num="21" count="1" type="stmt"/>
      </file>
    </package>
    <package name="words.application">
      <metrics statements="21" coveredstatements="18" conditionals="10" coveredconditionals="4" methods="6" coveredmethods="5"/>
      <file name="wordUseCases.ts" path="C:\Users\Usuario\Desktop\trabajo\challenge-internationalization-clay\backend\src\app\words\application\wordUseCases.ts">
        <metrics statements="21" coveredstatements="18" conditionals="10" coveredconditionals="4" methods="6" coveredmethods="5"/>
        <line num="12" count="1" type="stmt"/>
        <line num="13" count="1" type="stmt"/>
        <line num="14" count="1" type="cond" truecount="1" falsecount="1"/>
        <line num="15" count="1" type="stmt"/>
        <line num="18" count="1" type="stmt"/>
        <line num="19" count="1" type="stmt"/>
        <line num="20" count="1" type="cond" truecount="1" falsecount="1"/>
        <line num="21" count="1" type="stmt"/>
        <line num="24" count="1" type="stmt"/>
        <line num="25" count="1" type="stmt"/>
        <line num="26" count="1" type="stmt"/>
        <line num="27" count="1" type="cond" truecount="1" falsecount="1"/>
        <line num="28" count="1" type="stmt"/>
        <line num="31" count="1" type="stmt"/>
        <line num="32" count="2" type="stmt"/>
        <line num="33" count="2" type="cond" truecount="1" falsecount="1"/>
        <line num="34" count="2" type="stmt"/>
        <line num="37" count="1" type="stmt"/>
        <line num="38" count="0" type="stmt"/>
        <line num="39" count="0" type="cond" truecount="0" falsecount="2"/>
        <line num="40" count="0" type="stmt"/>
      </file>
    </package>
    <package name="words.domain">
      <metrics statements="3" coveredstatements="3" conditionals="0" coveredconditionals="0" methods="1" coveredmethods="1"/>
      <file name="word.value.ts" path="C:\Users\Usuario\Desktop\trabajo\challenge-internationalization-clay\backend\src\app\words\domain\word.value.ts">
        <metrics statements="3" coveredstatements="3" conditionals="0" coveredconditionals="0" methods="1" coveredmethods="1"/>
        <line num="11" count="1" type="stmt"/>
        <line num="12" count="1" type="stmt"/>
        <line num="13" count="1" type="stmt"/>
      </file>
    </package>
    <package name="words.infrastructure.repositories">
      <metrics statements="15" coveredstatements="11" conditionals="6" coveredconditionals="2" methods="9" coveredmethods="6"/>
      <file name="mock.repository.ts" path="C:\Users\Usuario\Desktop\trabajo\challenge-internationalization-clay\backend\src\app\words\infrastructure\repositories\mock.repository.ts">
        <metrics statements="15" coveredstatements="11" conditionals="6" coveredconditionals="2" methods="9" coveredmethods="6"/>
        <line num="6" count="1" type="stmt"/>
        <line num="9" count="1" type="stmt"/>
        <line num="13" count="1" type="stmt"/>
        <line num="14" count="1" type="cond" truecount="1" falsecount="1"/>
        <line num="15" count="1" type="stmt"/>
        <line num="19" count="1" type="stmt"/>
        <line num="20" count="1" type="stmt"/>
        <line num="24" count="2" type="stmt"/>
        <line num="25" count="2" type="cond" truecount="1" falsecount="1"/>
        <line num="26" count="2" type="stmt"/>
        <line num="27" count="2" type="stmt"/>
        <line num="31" count="0" type="stmt"/>
        <line num="32" count="0" type="cond" truecount="0" falsecount="2"/>
        <line num="33" count="0" type="stmt"/>
        <line num="34" count="0" type="stmt"/>
      </file>
    </package>
  </project>
</coverage>
