{"C:\\Users\\Usuario\\Desktop\\trabajo\\challenge-internationalization-clay\\backend\\src\\app\\shared\\hash.ts": {"path":"C:\\Users\\Usuario\\Desktop\\trabajo\\challenge-internationalization-clay\\backend\\src\\app\\shared\\hash.ts","statementMap":{"0":{"start":{"line":5,"column":23},"end":{"line":5,"column":27}},"1":{"start":{"line":6,"column":22},"end":{"line":6,"column":24}},"2":{"start":{"line":7,"column":22},"end":{"line":7,"column":30}},"3":{"start":{"line":8,"column":17},"end":{"line":8,"column":43}},"4":{"start":{"line":9,"column":17},"end":{"line":9,"column":100}},"5":{"start":{"line":10,"column":4},"end":{"line":10,"column":15}}},"fnMap":{"0":{"name":"(anonymous_0)","decl":{"start":{"line":4,"column":2},"end":{"line":4,"column":3}},"loc":{"start":{"line":4,"column":48},"end":{"line":11,"column":3}},"line":4}},"branchMap":{},"s":{"0":1,"1":1,"2":1,"3":1,"4":1,"5":1},"f":{"0":1},"b":{},"_coverageSchema":"1a1c01bbd47fc00a2c39e90264f33305004495a9","hash":"5445538c9a399ab6ebaeaf107d0a1125fd9a6a54"}
,"C:\\Users\\Usuario\\Desktop\\trabajo\\challenge-internationalization-clay\\backend\\src\\app\\users\\application\\userUseCases.ts": {"path":"C:\\Users\\Usuario\\Desktop\\trabajo\\challenge-internationalization-clay\\backend\\src\\app\\users\\application\\userUseCases.ts","statementMap":{"0":{"start":{"line":13,"column":24},"end":{"line":21,"column":3}},"1":{"start":{"line":14,"column":4},"end":{"line":20,"column":5}},"2":{"start":{"line":15,"column":19},"end":{"line":15,"column":67}},"3":{"start":{"line":16,"column":6},"end":{"line":16,"column":21}},"4":{"start":{"line":16,"column":17},"end":{"line":16,"column":21}},"5":{"start":{"line":17,"column":6},"end":{"line":17,"column":17}},"6":{"start":{"line":19,"column":6},"end":{"line":19,"column":16}},"7":{"start":{"line":23,"column":30},"end":{"line":31,"column":3}},"8":{"start":{"line":24,"column":4},"end":{"line":30,"column":5}},"9":{"start":{"line":25,"column":19},"end":{"line":25,"column":73}},"10":{"start":{"line":26,"column":6},"end":{"line":26,"column":21}},"11":{"start":{"line":26,"column":17},"end":{"line":26,"column":21}},"12":{"start":{"line":27,"column":6},"end":{"line":27,"column":17}},"13":{"start":{"line":29,"column":6},"end":{"line":29,"column":16}},"14":{"start":{"line":33,"column":22},"end":{"line":43,"column":3}},"15":{"start":{"line":34,"column":4},"end":{"line":42,"column":5}},"16":{"start":{"line":35,"column":19},"end":{"line":35,"column":60}},"17":{"start":{"line":36,"column":24},"end":{"line":36,"column":67}},"18":{"start":{"line":37,"column":19},"end":{"line":37,"column":66}},"19":{"start":{"line":38,"column":6},"end":{"line":38,"column":28}},"20":{"start":{"line":38,"column":17},"end":{"line":38,"column":28}},"21":{"start":{"line":39,"column":6},"end":{"line":39,"column":17}},"22":{"start":{"line":41,"column":6},"end":{"line":41,"column":17}}},"fnMap":{"0":{"name":"(anonymous_0)","decl":{"start":{"line":8,"column":2},"end":{"line":8,"column":3}},"loc":{"start":{"line":11,"column":4},"end":{"line":11,"column":6}},"line":11},"1":{"name":"(anonymous_1)","decl":{"start":{"line":13,"column":24},"end":{"line":13,"column":25}},"loc":{"start":{"line":13,"column":52},"end":{"line":21,"column":3}},"line":13},"2":{"name":"(anonymous_2)","decl":{"start":{"line":23,"column":30},"end":{"line":23,"column":31}},"loc":{"start":{"line":23,"column":58},"end":{"line":31,"column":3}},"line":23},"3":{"name":"(anonymous_3)","decl":{"start":{"line":33,"column":22},"end":{"line":33,"column":23}},"loc":{"start":{"line":33,"column":82},"end":{"line":43,"column":3}},"line":33}},"branchMap":{"0":{"loc":{"start":{"line":16,"column":6},"end":{"line":16,"column":21}},"type":"if","locations":[{"start":{"line":16,"column":6},"end":{"line":16,"column":21}},{"start":{},"end":{}}],"line":16},"1":{"loc":{"start":{"line":26,"column":6},"end":{"line":26,"column":21}},"type":"if","locations":[{"start":{"line":26,"column":6},"end":{"line":26,"column":21}},{"start":{},"end":{}}],"line":26},"2":{"loc":{"start":{"line":38,"column":6},"end":{"line":38,"column":28}},"type":"if","locations":[{"start":{"line":38,"column":6},"end":{"line":38,"column":28}},{"start":{},"end":{}}],"line":38}},"s":{"0":1,"1":0,"2":0,"3":0,"4":0,"5":0,"6":0,"7":1,"8":0,"9":0,"10":0,"11":0,"12":0,"13":0,"14":1,"15":1,"16":1,"17":1,"18":1,"19":1,"20":0,"21":1,"22":0},"f":{"0":1,"1":0,"2":0,"3":1},"b":{"0":[0,0],"1":[0,0],"2":[0,1]},"_coverageSchema":"1a1c01bbd47fc00a2c39e90264f33305004495a9","hash":"e1f0d3820a7b564054aa4352527fd544ecdf5917"}
,"C:\\Users\\Usuario\\Desktop\\trabajo\\challenge-internationalization-clay\\backend\\src\\app\\users\\domain\\user.value.ts": {"path":"C:\\Users\\Usuario\\Desktop\\trabajo\\challenge-internationalization-clay\\backend\\src\\app\\users\\domain\\user.value.ts","statementMap":{"0":{"start":{"line":10,"column":4},"end":{"line":10,"column":23}},"1":{"start":{"line":11,"column":4},"end":{"line":11,"column":29}},"2":{"start":{"line":12,"column":4},"end":{"line":12,"column":29}}},"fnMap":{"0":{"name":"(anonymous_0)","decl":{"start":{"line":9,"column":2},"end":{"line":9,"column":3}},"loc":{"start":{"line":9,"column":65},"end":{"line":13,"column":3}},"line":9}},"branchMap":{},"s":{"0":1,"1":1,"2":1},"f":{"0":1},"b":{},"_coverageSchema":"1a1c01bbd47fc00a2c39e90264f33305004495a9","hash":"db57ff8790a6fdc0be8ca7db1d1961b6c65b80e7"}
,"C:\\Users\\Usuario\\Desktop\\trabajo\\challenge-internationalization-clay\\backend\\src\\app\\users\\infrastructure\\repositories\\mock.repository.ts": {"path":"C:\\Users\\Usuario\\Desktop\\trabajo\\challenge-internationalization-clay\\backend\\src\\app\\users\\infrastructure\\repositories\\mock.repository.ts","statementMap":{"0":{"start":{"line":5,"column":41},"end":{"line":5,"column":43}},"1":{"start":{"line":8,"column":17},"end":{"line":8,"column":56}},"2":{"start":{"line":8,"column":40},"end":{"line":8,"column":55}},"3":{"start":{"line":9,"column":4},"end":{"line":9,"column":26}},"4":{"start":{"line":9,"column":15},"end":{"line":9,"column":26}},"5":{"start":{"line":10,"column":4},"end":{"line":10,"column":32}},"6":{"start":{"line":14,"column":17},"end":{"line":14,"column":64}},"7":{"start":{"line":14,"column":40},"end":{"line":14,"column":63}},"8":{"start":{"line":15,"column":4},"end":{"line":15,"column":26}},"9":{"start":{"line":15,"column":15},"end":{"line":15,"column":26}},"10":{"start":{"line":16,"column":4},"end":{"line":16,"column":32}},"11":{"start":{"line":20,"column":4},"end":{"line":20,"column":25}},"12":{"start":{"line":21,"column":4},"end":{"line":21,"column":32}}},"fnMap":{"0":{"name":"(anonymous_0)","decl":{"start":{"line":7,"column":2},"end":{"line":7,"column":3}},"loc":{"start":{"line":7,"column":63},"end":{"line":11,"column":3}},"line":7},"1":{"name":"(anonymous_1)","decl":{"start":{"line":8,"column":33},"end":{"line":8,"column":34}},"loc":{"start":{"line":8,"column":40},"end":{"line":8,"column":55}},"line":8},"2":{"name":"(anonymous_2)","decl":{"start":{"line":13,"column":2},"end":{"line":13,"column":3}},"loc":{"start":{"line":13,"column":73},"end":{"line":17,"column":3}},"line":13},"3":{"name":"(anonymous_3)","decl":{"start":{"line":14,"column":33},"end":{"line":14,"column":34}},"loc":{"start":{"line":14,"column":40},"end":{"line":14,"column":63}},"line":14},"4":{"name":"(anonymous_4)","decl":{"start":{"line":19,"column":2},"end":{"line":19,"column":3}},"loc":{"start":{"line":19,"column":65},"end":{"line":22,"column":3}},"line":19}},"branchMap":{"0":{"loc":{"start":{"line":9,"column":4},"end":{"line":9,"column":26}},"type":"if","locations":[{"start":{"line":9,"column":4},"end":{"line":9,"column":26}},{"start":{},"end":{}}],"line":9},"1":{"loc":{"start":{"line":15,"column":4},"end":{"line":15,"column":26}},"type":"if","locations":[{"start":{"line":15,"column":4},"end":{"line":15,"column":26}},{"start":{},"end":{}}],"line":15}},"s":{"0":1,"1":0,"2":0,"3":0,"4":0,"5":0,"6":0,"7":0,"8":0,"9":0,"10":0,"11":1,"12":1},"f":{"0":0,"1":0,"2":0,"3":0,"4":1},"b":{"0":[0,0],"1":[0,0]},"_coverageSchema":"1a1c01bbd47fc00a2c39e90264f33305004495a9","hash":"dd5066b00aff6054a211fdc7d8705fac92085224"}
,"C:\\Users\\Usuario\\Desktop\\trabajo\\challenge-internationalization-clay\\backend\\src\\app\\words\\application\\wordUseCases.ts": {"path":"C:\\Users\\Usuario\\Desktop\\trabajo\\challenge-internationalization-clay\\backend\\src\\app\\words\\application\\wordUseCases.ts","statementMap":{"0":{"start":{"line":12,"column":19},"end":{"line":16,"column":3}},"1":{"start":{"line":13,"column":17},"end":{"line":13,"column":52}},"2":{"start":{"line":14,"column":4},"end":{"line":14,"column":26}},"3":{"start":{"line":14,"column":15},"end":{"line":14,"column":26}},"4":{"start":{"line":15,"column":4},"end":{"line":15,"column":15}},"5":{"start":{"line":18,"column":27},"end":{"line":22,"column":3}},"6":{"start":{"line":19,"column":17},"end":{"line":19,"column":65}},"7":{"start":{"line":20,"column":4},"end":{"line":20,"column":26}},"8":{"start":{"line":20,"column":15},"end":{"line":20,"column":26}},"9":{"start":{"line":21,"column":4},"end":{"line":21,"column":15}},"10":{"start":{"line":24,"column":22},"end":{"line":29,"column":3}},"11":{"start":{"line":25,"column":22},"end":{"line":25,"column":60}},"12":{"start":{"line":26,"column":17},"end":{"line":26,"column":64}},"13":{"start":{"line":27,"column":4},"end":{"line":27,"column":26}},"14":{"start":{"line":27,"column":15},"end":{"line":27,"column":26}},"15":{"start":{"line":28,"column":4},"end":{"line":28,"column":15}},"16":{"start":{"line":31,"column":22},"end":{"line":35,"column":3}},"17":{"start":{"line":32,"column":17},"end":{"line":32,"column":74}},"18":{"start":{"line":33,"column":4},"end":{"line":33,"column":26}},"19":{"start":{"line":33,"column":15},"end":{"line":33,"column":26}},"20":{"start":{"line":34,"column":4},"end":{"line":34,"column":15}},"21":{"start":{"line":37,"column":22},"end":{"line":41,"column":3}},"22":{"start":{"line":38,"column":17},"end":{"line":38,"column":59}},"23":{"start":{"line":39,"column":4},"end":{"line":39,"column":26}},"24":{"start":{"line":39,"column":15},"end":{"line":39,"column":26}},"25":{"start":{"line":40,"column":4},"end":{"line":40,"column":15}}},"fnMap":{"0":{"name":"(anonymous_0)","decl":{"start":{"line":8,"column":2},"end":{"line":8,"column":3}},"loc":{"start":{"line":10,"column":4},"end":{"line":10,"column":6}},"line":10},"1":{"name":"(anonymous_1)","decl":{"start":{"line":12,"column":19},"end":{"line":12,"column":20}},"loc":{"start":{"line":12,"column":31},"end":{"line":16,"column":3}},"line":12},"2":{"name":"(anonymous_2)","decl":{"start":{"line":18,"column":27},"end":{"line":18,"column":28}},"loc":{"start":{"line":18,"column":52},"end":{"line":22,"column":3}},"line":18},"3":{"name":"(anonymous_3)","decl":{"start":{"line":24,"column":22},"end":{"line":24,"column":23}},"loc":{"start":{"line":24,"column":83},"end":{"line":29,"column":3}},"line":24},"4":{"name":"(anonymous_4)","decl":{"start":{"line":31,"column":22},"end":{"line":31,"column":23}},"loc":{"start":{"line":31,"column":80},"end":{"line":35,"column":3}},"line":31},"5":{"name":"(anonymous_5)","decl":{"start":{"line":37,"column":22},"end":{"line":37,"column":23}},"loc":{"start":{"line":37,"column":46},"end":{"line":41,"column":3}},"line":37}},"branchMap":{"0":{"loc":{"start":{"line":14,"column":4},"end":{"line":14,"column":26}},"type":"if","locations":[{"start":{"line":14,"column":4},"end":{"line":14,"column":26}},{"start":{},"end":{}}],"line":14},"1":{"loc":{"start":{"line":20,"column":4},"end":{"line":20,"column":26}},"type":"if","locations":[{"start":{"line":20,"column":4},"end":{"line":20,"column":26}},{"start":{},"end":{}}],"line":20},"2":{"loc":{"start":{"line":27,"column":4},"end":{"line":27,"column":26}},"type":"if","locations":[{"start":{"line":27,"column":4},"end":{"line":27,"column":26}},{"start":{},"end":{}}],"line":27},"3":{"loc":{"start":{"line":33,"column":4},"end":{"line":33,"column":26}},"type":"if","locations":[{"start":{"line":33,"column":4},"end":{"line":33,"column":26}},{"start":{},"end":{}}],"line":33},"4":{"loc":{"start":{"line":39,"column":4},"end":{"line":39,"column":26}},"type":"if","locations":[{"start":{"line":39,"column":4},"end":{"line":39,"column":26}},{"start":{},"end":{}}],"line":39}},"s":{"0":1,"1":1,"2":1,"3":0,"4":1,"5":1,"6":1,"7":1,"8":0,"9":1,"10":1,"11":1,"12":1,"13":1,"14":0,"15":1,"16":1,"17":2,"18":2,"19":0,"20":2,"21":1,"22":0,"23":0,"24":0,"25":0},"f":{"0":1,"1":1,"2":1,"3":1,"4":2,"5":0},"b":{"0":[0,1],"1":[0,1],"2":[0,1],"3":[0,2],"4":[0,0]},"_coverageSchema":"1a1c01bbd47fc00a2c39e90264f33305004495a9","hash":"703df3a576b435e56776c52753d26606eccacd6a"}
,"C:\\Users\\Usuario\\Desktop\\trabajo\\challenge-internationalization-clay\\backend\\src\\app\\words\\domain\\word.value.ts": {"path":"C:\\Users\\Usuario\\Desktop\\trabajo\\challenge-internationalization-clay\\backend\\src\\app\\words\\domain\\word.value.ts","statementMap":{"0":{"start":{"line":11,"column":4},"end":{"line":11,"column":23}},"1":{"start":{"line":12,"column":4},"end":{"line":12,"column":22}},"2":{"start":{"line":13,"column":4},"end":{"line":13,"column":36}}},"fnMap":{"0":{"name":"(anonymous_0)","decl":{"start":{"line":10,"column":2},"end":{"line":10,"column":3}},"loc":{"start":{"line":10,"column":65},"end":{"line":14,"column":3}},"line":10}},"branchMap":{},"s":{"0":1,"1":1,"2":1},"f":{"0":1},"b":{},"_coverageSchema":"1a1c01bbd47fc00a2c39e90264f33305004495a9","hash":"ff48470617d2f6890064bfe4b30cee2fa371921c"}
,"C:\\Users\\Usuario\\Desktop\\trabajo\\challenge-internationalization-clay\\backend\\src\\app\\words\\infrastructure\\repositories\\mock.repository.ts": {"path":"C:\\Users\\Usuario\\Desktop\\trabajo\\challenge-internationalization-clay\\backend\\src\\app\\words\\infrastructure\\repositories\\mock.repository.ts","statementMap":{"0":{"start":{"line":6,"column":41},"end":{"line":6,"column":43}},"1":{"start":{"line":9,"column":4},"end":{"line":9,"column":21}},"2":{"start":{"line":13,"column":17},"end":{"line":13,"column":58}},"3":{"start":{"line":13,"column":40},"end":{"line":13,"column":57}},"4":{"start":{"line":14,"column":4},"end":{"line":14,"column":26}},"5":{"start":{"line":14,"column":15},"end":{"line":14,"column":26}},"6":{"start":{"line":15,"column":4},"end":{"line":15,"column":15}},"7":{"start":{"line":19,"column":4},"end":{"line":19,"column":25}},"8":{"start":{"line":20,"column":4},"end":{"line":20,"column":32}},"9":{"start":{"line":24,"column":17},"end":{"line":24,"column":58}},"10":{"start":{"line":24,"column":40},"end":{"line":24,"column":57}},"11":{"start":{"line":25,"column":4},"end":{"line":25,"column":26}},"12":{"start":{"line":25,"column":15},"end":{"line":25,"column":26}},"13":{"start":{"line":26,"column":4},"end":{"line":26,"column":36}},"14":{"start":{"line":27,"column":4},"end":{"line":27,"column":32}},"15":{"start":{"line":31,"column":17},"end":{"line":31,"column":58}},"16":{"start":{"line":31,"column":40},"end":{"line":31,"column":57}},"17":{"start":{"line":32,"column":4},"end":{"line":32,"column":26}},"18":{"start":{"line":32,"column":15},"end":{"line":32,"column":26}},"19":{"start":{"line":33,"column":4},"end":{"line":33,"column":49}},"20":{"start":{"line":33,"column":29},"end":{"line":33,"column":48}},"21":{"start":{"line":34,"column":4},"end":{"line":34,"column":32}}},"fnMap":{"0":{"name":"(anonymous_0)","decl":{"start":{"line":8,"column":2},"end":{"line":8,"column":3}},"loc":{"start":{"line":8,"column":46},"end":{"line":10,"column":3}},"line":8},"1":{"name":"(anonymous_1)","decl":{"start":{"line":12,"column":2},"end":{"line":12,"column":3}},"loc":{"start":{"line":12,"column":67},"end":{"line":16,"column":3}},"line":12},"2":{"name":"(anonymous_2)","decl":{"start":{"line":13,"column":33},"end":{"line":13,"column":34}},"loc":{"start":{"line":13,"column":40},"end":{"line":13,"column":57}},"line":13},"3":{"name":"(anonymous_3)","decl":{"start":{"line":18,"column":2},"end":{"line":18,"column":3}},"loc":{"start":{"line":18,"column":65},"end":{"line":21,"column":3}},"line":18},"4":{"name":"(anonymous_4)","decl":{"start":{"line":23,"column":2},"end":{"line":23,"column":3}},"loc":{"start":{"line":23,"column":95},"end":{"line":28,"column":3}},"line":23},"5":{"name":"(anonymous_5)","decl":{"start":{"line":24,"column":33},"end":{"line":24,"column":34}},"loc":{"start":{"line":24,"column":40},"end":{"line":24,"column":57}},"line":24},"6":{"name":"(anonymous_6)","decl":{"start":{"line":30,"column":2},"end":{"line":30,"column":3}},"loc":{"start":{"line":30,"column":56},"end":{"line":35,"column":3}},"line":30},"7":{"name":"(anonymous_7)","decl":{"start":{"line":31,"column":33},"end":{"line":31,"column":34}},"loc":{"start":{"line":31,"column":40},"end":{"line":31,"column":57}},"line":31},"8":{"name":"(anonymous_8)","decl":{"start":{"line":33,"column":22},"end":{"line":33,"column":23}},"loc":{"start":{"line":33,"column":29},"end":{"line":33,"column":48}},"line":33}},"branchMap":{"0":{"loc":{"start":{"line":14,"column":4},"end":{"line":14,"column":26}},"type":"if","locations":[{"start":{"line":14,"column":4},"end":{"line":14,"column":26}},{"start":{},"end":{}}],"line":14},"1":{"loc":{"start":{"line":25,"column":4},"end":{"line":25,"column":26}},"type":"if","locations":[{"start":{"line":25,"column":4},"end":{"line":25,"column":26}},{"start":{},"end":{}}],"line":25},"2":{"loc":{"start":{"line":32,"column":4},"end":{"line":32,"column":26}},"type":"if","locations":[{"start":{"line":32,"column":4},"end":{"line":32,"column":26}},{"start":{},"end":{}}],"line":32}},"s":{"0":1,"1":1,"2":1,"3":1,"4":1,"5":0,"6":1,"7":1,"8":1,"9":2,"10":2,"11":2,"12":0,"13":2,"14":2,"15":0,"16":0,"17":0,"18":0,"19":0,"20":0,"21":0},"f":{"0":1,"1":1,"2":1,"3":1,"4":2,"5":2,"6":0,"7":0,"8":0},"b":{"0":[0,1],"1":[0,2],"2":[0,0]},"_coverageSchema":"1a1c01bbd47fc00a2c39e90264f33305004495a9","hash":"e0bd252cab70d7f850b6894fdb0a5c16440abda5"}
}
